<?xml version="1.0" encoding="UTF-8"?>
<!-- Generated by org.testng.reporters.JUnitReportReporter -->
<testsuite skipped="0" hostname="boompc-23" name="com.ecommerce.tests.InvalidLoginLogout" tests="1" failures="0" timestamp="09 Aug 2017 10:15:33 GMT" time="18.122" errors="0">
  <testcase name="testInvalidLoginLogout" time="18.122" classname="com.ecommerce.tests.InvalidLoginLogout"/>
</testsuite> <!-- com.ecommerce.tests.InvalidLoginLogout -->
