<?xml version="1.0" encoding="UTF-8"?>
<!-- Generated by org.testng.reporters.JUnitReportReporter -->
<testsuite skipped="0" hostname="boompc-23" name="com.ecommerce.tests.VerifyLicensesPage" tests="1" failures="0" timestamp="09 Aug 2017 10:15:33 GMT" time="14.477" errors="0">
  <testcase name="testVerifyLicensesPage" time="14.477" classname="com.ecommerce.tests.VerifyLicensesPage"/>
</testsuite> <!-- com.ecommerce.tests.VerifyLicensesPage -->
