<?xml version="1.0" encoding="UTF-8"?>
<!-- Generated by org.testng.reporters.JUnitReportReporter -->
<testsuite skipped="0" hostname="boompc-23" name="com.ecommerce.tests.ValidLoginLogoutTest" tests="1" failures="0" timestamp="09 Aug 2017 10:15:33 GMT" time="14.443" errors="0">
  <testcase name="testValidLoginLogout" time="14.443" classname="com.ecommerce.tests.ValidLoginLogoutTest"/>
</testsuite> <!-- com.ecommerce.tests.ValidLoginLogoutTest -->
